<?xml version="1.0" encoding="UTF-8"?>
<testng-results skipped="0" failed="0" ignored="0" total="1" passed="1">
  <reporter-output>
  </reporter-output>
  <suite name="WebDriver" duration-ms="11251" started-at="2019-07-16T01:50:56Z" finished-at="2019-07-16T01:51:07Z">
    <groups>
    </groups>
    <test name="Tests" duration-ms="11251" started-at="2019-07-16T01:50:56Z" finished-at="2019-07-16T01:51:07Z">
      <class name="TestNG.verifyaddbook">
        <test-method status="PASS" signature="launch()[pri:0, instance:TestNG.verifyaddbook@14acaea5]" name="launch" is-config="true" duration-ms="7776" started-at="2019-07-16T01:50:56Z" finished-at="2019-07-16T01:51:04Z">
          <reporter-output>
          </reporter-output>
        </test-method> <!-- launch -->
        <test-method status="PASS" signature="verify()[pri:0, instance:TestNG.verifyaddbook@14acaea5]" name="verify" duration-ms="1360" started-at="2019-07-16T01:51:04Z" finished-at="2019-07-16T01:51:05Z">
          <reporter-output>
          </reporter-output>
        </test-method> <!-- verify -->
        <test-method status="PASS" signature="close()[pri:0, instance:TestNG.verifyaddbook@14acaea5]" name="close" is-config="true" duration-ms="2088" started-at="2019-07-16T01:51:05Z" finished-at="2019-07-16T01:51:07Z">
          <reporter-output>
          </reporter-output>
        </test-method> <!-- close -->
      </class> <!-- TestNG.verifyaddbook -->
    </test> <!-- Tests -->
  </suite> <!-- WebDriver -->
</testng-results>
